{"level":"error","message":"Cast to ObjectId failed for value \"undefined\" (type string) at path \"book\" for model \"Cart\""}
{"level":"error","message":"Cast to ObjectId failed for value \"undefined\" (type string) at path \"book\" for model \"Cart\""}
{"level":"error","message":"Cast to ObjectId failed for value \"undefined\" (type string) at path \"book\" for model \"Cart\""}
{"level":"error","message":"Cast to ObjectId failed for value \"undefined\" (type string) at path \"book\" for model \"Cart\""}
{"level":"error","message":"Unexpected token } in JSON at position 129"}
{"level":"error","message":"User validation failed: name: Name must be more than 6 characters "}
{"level":"error","message":"User validation failed: name: Name must be more than 6 characters "}
{"level":"error","message":"User validation failed: email: Invalid email"}
{"level":"error","message":"User validation failed: email: Invalid email"}
{"level":"error","message":"User validation failed: email: Invalid email"}
{"level":"error","message":"Cannot read property 'id' of undefined"}
{"level":"error","message":"C:\\Users\\Administrator\\Desktop\\Book store\\views\\user\\index.ejs:2\n    1| \r\n >> 2| <%- include ('../include/_header') %>\r\n    3| \r\n    4|     <!-- thanh tieu de \"danh muc sach\" + hotline + ho tro truc tuyen -->\r\n    5|     <section class=\"duoinavbar\">\r\n\nCould not find matching close tag for \"<%=\"."}
{"level":"error","message":"C:\\Users\\Administrator\\Desktop\\Book store\\views\\user\\index.ejs:2\n    1| \r\n >> 2| <%- include ('../include/_header') %>\r\n    3| \r\n    4|     <!-- thanh tieu de \"danh muc sach\" + hotline + ho tro truc tuyen -->\r\n    5|     <section class=\"duoinavbar\">\r\n\nUnexpected token 'else' in C:\\Users\\Administrator\\Desktop\\Book store\\views\\include\\_header.ejs while compiling ejs\n\nIf the above error is not helpful, you may want to try EJS-Lint:\nhttps://github.com/RyanZim/EJS-Lint\nOr, if you meant to create an async function, pass `async: true` as an option."}
{"level":"error","message":"C:\\Users\\Administrator\\Desktop\\Book store\\views\\user\\index.ejs:2\n    1| \r\n >> 2| <%- include ('../include/_header') %>\r\n    3| \r\n    4|     <!-- thanh tieu de \"danh muc sach\" + hotline + ho tro truc tuyen -->\r\n    5|     <section class=\"duoinavbar\">\r\n\nUnexpected token 'else' in C:\\Users\\Administrator\\Desktop\\Book store\\views\\include\\_header.ejs while compiling ejs\n\nIf the above error is not helpful, you may want to try EJS-Lint:\nhttps://github.com/RyanZim/EJS-Lint\nOr, if you meant to create an async function, pass `async: true` as an option."}
{"level":"error","message":"C:\\Users\\Administrator\\Desktop\\Book store\\views\\user\\index.ejs:2\n    1| \r\n >> 2| <%- include ('../include/_header') %>\r\n    3| \r\n    4|     <!-- thanh tieu de \"danh muc sach\" + hotline + ho tro truc tuyen -->\r\n    5|     <section class=\"duoinavbar\">\r\n\nUnexpected token 'else' in C:\\Users\\Administrator\\Desktop\\Book store\\views\\include\\_header.ejs while compiling ejs\n\nIf the above error is not helpful, you may want to try EJS-Lint:\nhttps://github.com/RyanZim/EJS-Lint\nOr, if you meant to create an async function, pass `async: true` as an option."}
{"level":"error","message":"Cast to Number failed for value \"35%\" (type string) at path \"percentSale\""}
{"level":"error","message":"Cast to Number failed for value \"35%\" (type string) at path \"percentSale\""}
{"level":"error","message":"Cast to Number failed for value \"35%\" (type string) at path \"percentSale\""}
{"level":"error","message":"Cannot set headers after they are sent to the client"}
{"level":"error","message":"Cannot set headers after they are sent to the client"}
{"level":"error","message":"Cannot set headers after they are sent to the client"}
{"level":"error","message":"C:\\Users\\Administrator\\Desktop\\Book store\\views\\admin\\book.ejs:52\n    50|                     <td class=\"align-middle\">\r\n    51|                       <div class=\"ms-auto text-end\">\r\n >> 52|                         <a class=\"btn btn-link text-danger text-gradient px-3 mb-0\"id=\"deletebtn\"  data-model=\"books\" data-item-id=\"<%=book.id%>\"><i class=\"far fa-trash-alt me-2\"></i>Delete</a>\r\n    53|                         <button type=\"submit\"  class=\"btn btn-link text-dark px-3 mb-0\" ><i class=\"fas fa-pencil-alt text-dark me-2\" aria-hidden=\"true\" ></i>Update</button>\r\n    54|                       </div> \r\n    55|                     </td>\r\n\nbook is not defined"}
{"level":"error","message":"Cannot set headers after they are sent to the client"}
